  Main.cpp
  Decomposition.cpp
  Sequential.cpp
  Parallel.cpp
  TBB.cpp
  Generating Code...
Decomposition.obj : error LNK2019: unresolved external symbol "void __cdecl tbb::assertion_failure(char const *,int,char const *,char const *)" (?assertion_failure@tbb@@YAXPEBDH00@Z) referenced in function "public: __cdecl tbb::blocked_range<unsigned int>::blocked_range<unsigned int>(unsigned int,unsigned int,unsigned __int64)" (??0?$blocked_range@I@tbb@@QEAA@II_K@Z)
TBB.obj : error LNK2001: unresolved external symbol "void __cdecl tbb::assertion_failure(char const *,int,char const *,char const *)" (?assertion_failure@tbb@@YAXPEBDH00@Z)
Decomposition.obj : error LNK2019: unresolved external symbol "public: class tbb::task & __cdecl tbb::internal::allocate_root_with_context_proxy::allocate(unsigned __int64)const " (?allocate@allocate_root_with_context_proxy@internal@tbb@@QEBAAEAVtask@3@_K@Z) referenced in function "void * __cdecl operator new(unsigned __int64,class tbb::internal::allocate_root_with_context_proxy const &)" (??2@YAPEAX_KAEBVallocate_root_with_context_proxy@internal@tbb@@@Z)
TBB.obj : error LNK2001: unresolved external symbol "public: class tbb::task & __cdecl tbb::internal::allocate_root_with_context_proxy::allocate(unsigned __int64)const " (?allocate@allocate_root_with_context_proxy@internal@tbb@@QEBAAEAVtask@3@_K@Z)
Decomposition.obj : error LNK2019: unresolved external symbol "public: void __cdecl tbb::internal::allocate_root_with_context_proxy::free(class tbb::task &)const " (?free@allocate_root_with_context_proxy@internal@tbb@@QEBAXAEAVtask@3@@Z) referenced in function "void __cdecl operator delete(void *,class tbb::internal::allocate_root_with_context_proxy const &)" (??3@YAXPEAXAEBVallocate_root_with_context_proxy@internal@tbb@@@Z)
TBB.obj : error LNK2001: unresolved external symbol "public: void __cdecl tbb::internal::allocate_root_with_context_proxy::free(class tbb::task &)const " (?free@allocate_root_with_context_proxy@internal@tbb@@QEBAXAEAVtask@3@@Z)
Decomposition.obj : error LNK2019: unresolved external symbol "public: class tbb::task & __cdecl tbb::internal::allocate_continuation_proxy::allocate(unsigned __int64)const " (?allocate@allocate_continuation_proxy@internal@tbb@@QEBAAEAVtask@3@_K@Z) referenced in function "void * __cdecl operator new(unsigned __int64,class tbb::internal::allocate_continuation_proxy const &)" (??2@YAPEAX_KAEBVallocate_continuation_proxy@internal@tbb@@@Z)
TBB.obj : error LNK2001: unresolved external symbol "public: class tbb::task & __cdecl tbb::internal::allocate_continuation_proxy::allocate(unsigned __int64)const " (?allocate@allocate_continuation_proxy@internal@tbb@@QEBAAEAVtask@3@_K@Z)
Decomposition.obj : error LNK2019: unresolved external symbol "public: void __cdecl tbb::internal::allocate_continuation_proxy::free(class tbb::task &)const " (?free@allocate_continuation_proxy@internal@tbb@@QEBAXAEAVtask@3@@Z) referenced in function "void __cdecl operator delete(void *,class tbb::internal::allocate_continuation_proxy const &)" (??3@YAXPEAXAEBVallocate_continuation_proxy@internal@tbb@@@Z)
TBB.obj : error LNK2001: unresolved external symbol "public: void __cdecl tbb::internal::allocate_continuation_proxy::free(class tbb::task &)const " (?free@allocate_continuation_proxy@internal@tbb@@QEBAXAEAVtask@3@@Z)
Decomposition.obj : error LNK2019: unresolved external symbol "public: class tbb::task & __cdecl tbb::internal::allocate_child_proxy::allocate(unsigned __int64)const " (?allocate@allocate_child_proxy@internal@tbb@@QEBAAEAVtask@3@_K@Z) referenced in function "void * __cdecl tbb::interface9::internal::allocate_sibling(class tbb::task *,unsigned __int64)" (?allocate_sibling@internal@interface9@tbb@@YAPEAXPEAVtask@3@_K@Z)
TBB.obj : error LNK2001: unresolved external symbol "public: class tbb::task & __cdecl tbb::internal::allocate_child_proxy::allocate(unsigned __int64)const " (?allocate@allocate_child_proxy@internal@tbb@@QEBAAEAVtask@3@_K@Z)
Decomposition.obj : error LNK2019: unresolved external symbol "public: __cdecl tbb::task_group_context::~task_group_context(void)" (??1task_group_context@tbb@@QEAA@XZ) referenced in function "public: static void __cdecl tbb::interface9::internal::start_for<class tbb::blocked_range2d<unsigned int,unsigned int>,class <lambda_9b85bc7fa85027002d3377f5b99491b0>,class tbb::auto_partitioner const >::run(class tbb::blocked_range2d<unsigned int,unsigned int> const &,class <lambda_9b85bc7fa85027002d3377f5b99491b0> const &,class tbb::auto_partitioner const &)" (?run@?$start_for@V?$blocked_range2d@II@tbb@@V<lambda_9b85bc7fa85027002d3377f5b99491b0>@@$$CBVauto_partitioner@2@@internal@interface9@tbb@@SAXAEBV?$blocked_range2d@II@4@AEBV<lambda_9b85bc7fa85027002d3377f5b99491b0>@@AEBVauto_partitioner@4@@Z)
TBB.obj : error LNK2001: unresolved external symbol "public: __cdecl tbb::task_group_context::~task_group_context(void)" (??1task_group_context@tbb@@QEAA@XZ)
Decomposition.obj : error LNK2019: unresolved external symbol "public: bool __cdecl tbb::task_group_context::is_group_execution_cancelled(void)const " (?is_group_execution_cancelled@task_group_context@tbb@@QEBA_NXZ) referenced in function "public: bool __cdecl tbb::task::is_cancelled(void)const " (?is_cancelled@task@tbb@@QEBA_NXZ)
TBB.obj : error LNK2001: unresolved external symbol "public: bool __cdecl tbb::task_group_context::is_group_execution_cancelled(void)const " (?is_group_execution_cancelled@task_group_context@tbb@@QEBA_NXZ)
Decomposition.obj : error LNK2019: unresolved external symbol "protected: void __cdecl tbb::task_group_context::init(void)" (?init@task_group_context@tbb@@IEAAXXZ) referenced in function "public: __cdecl tbb::task_group_context::task_group_context(enum tbb::internal::string_index)" (??0task_group_context@tbb@@QEAA@W4string_index@internal@1@@Z)
TBB.obj : error LNK2001: unresolved external symbol "protected: void __cdecl tbb::task_group_context::init(void)" (?init@task_group_context@tbb@@IEAAXXZ)
Decomposition.obj : error LNK2019: unresolved external symbol "private: void __cdecl tbb::task::internal_set_ref_count(int)" (?internal_set_ref_count@task@tbb@@AEAAXH@Z) referenced in function "public: void __cdecl tbb::task::set_ref_count(int)" (?set_ref_count@task@tbb@@QEAAXH@Z)
TBB.obj : error LNK2001: unresolved external symbol "private: void __cdecl tbb::task::internal_set_ref_count(int)" (?internal_set_ref_count@task@tbb@@AEAAXH@Z)
Decomposition.obj : error LNK2001: unresolved external symbol "public: virtual void __cdecl tbb::task::note_affinity(unsigned short)" (?note_affinity@task@tbb@@UEAAXG@Z)
TBB.obj : error LNK2001: unresolved external symbol "public: virtual void __cdecl tbb::task::note_affinity(unsigned short)" (?note_affinity@task@tbb@@UEAAXG@Z)
Decomposition.obj : error LNK2019: unresolved external symbol "unsigned __int64 __cdecl tbb::internal::get_initial_auto_partitioner_divisor(void)" (?get_initial_auto_partitioner_divisor@internal@tbb@@YA_KXZ) referenced in function "public: __cdecl tbb::interface9::internal::adaptive_mode<class tbb::interface9::internal::auto_partition_type>::adaptive_mode<class tbb::interface9::internal::auto_partition_type>(void)" (??0?$adaptive_mode@Vauto_partition_type@internal@interface9@tbb@@@internal@interface9@tbb@@QEAA@XZ)
TBB.obj : error LNK2001: unresolved external symbol "unsigned __int64 __cdecl tbb::internal::get_initial_auto_partitioner_divisor(void)" (?get_initial_auto_partitioner_divisor@internal@tbb@@YA_KXZ)
Decomposition.obj : error LNK2019: unresolved external symbol "__declspec(dllimport) public: __cdecl fipImage::fipImage(enum FREE_IMAGE_TYPE,unsigned int,unsigned int,unsigned int)" (__imp_??0fipImage@@QEAA@W4FREE_IMAGE_TYPE@@III@Z) referenced in function "void __cdecl dataset_decomposition(void)" (?dataset_decomposition@@YAXXZ)
Sequential.obj : error LNK2001: unresolved external symbol "__declspec(dllimport) public: __cdecl fipImage::fipImage(enum FREE_IMAGE_TYPE,unsigned int,unsigned int,unsigned int)" (__imp_??0fipImage@@QEAA@W4FREE_IMAGE_TYPE@@III@Z)
Decomposition.obj : error LNK2019: unresolved external symbol "__declspec(dllimport) public: virtual __cdecl fipImage::~fipImage(void)" (__imp_??1fipImage@@UEAA@XZ) referenced in function "void __cdecl dataset_decomposition(void)" (?dataset_decomposition@@YAXXZ)
Sequential.obj : error LNK2001: unresolved external symbol "__declspec(dllimport) public: virtual __cdecl fipImage::~fipImage(void)" (__imp_??1fipImage@@UEAA@XZ)
Decomposition.obj : error LNK2019: unresolved external symbol "__declspec(dllimport) public: class fipImage & __cdecl fipImage::operator=(class fipImage const &)" (__imp_??4fipImage@@QEAAAEAV0@AEBV0@@Z) referenced in function "void __cdecl dataset_decomposition(void)" (?dataset_decomposition@@YAXXZ)
Sequential.obj : error LNK2001: unresolved external symbol "__declspec(dllimport) public: class fipImage & __cdecl fipImage::operator=(class fipImage const &)" (__imp_??4fipImage@@QEAAAEAV0@AEBV0@@Z)
Decomposition.obj : error LNK2019: unresolved external symbol "__declspec(dllimport) public: int __cdecl fipImage::save(char const *,int)" (__imp_?save@fipImage@@QEAAHPEBDH@Z) referenced in function "void __cdecl dataset_decomposition(void)" (?dataset_decomposition@@YAXXZ)
Sequential.obj : error LNK2001: unresolved external symbol "__declspec(dllimport) public: int __cdecl fipImage::save(char const *,int)" (__imp_?save@fipImage@@QEAAHPEBDH@Z)
Decomposition.obj : error LNK2019: unresolved external symbol "__declspec(dllimport) public: unsigned char * __cdecl fipImage::accessPixels(void)const " (__imp_?accessPixels@fipImage@@QEBAPEAEXZ) referenced in function "void __cdecl dataset_decomposition(void)" (?dataset_decomposition@@YAXXZ)
Sequential.obj : error LNK2001: unresolved external symbol "__declspec(dllimport) public: unsigned char * __cdecl fipImage::accessPixels(void)const " (__imp_?accessPixels@fipImage@@QEBAPEAEXZ)
Decomposition.obj : error LNK2019: unresolved external symbol "__declspec(dllimport) public: int __cdecl fipImage::convertToType(enum FREE_IMAGE_TYPE,int)" (__imp_?convertToType@fipImage@@QEAAHW4FREE_IMAGE_TYPE@@H@Z) referenced in function "void __cdecl dataset_decomposition(void)" (?dataset_decomposition@@YAXXZ)
Sequential.obj : error LNK2001: unresolved external symbol "__declspec(dllimport) public: int __cdecl fipImage::convertToType(enum FREE_IMAGE_TYPE,int)" (__imp_?convertToType@fipImage@@QEAAHW4FREE_IMAGE_TYPE@@H@Z)
Decomposition.obj : error LNK2019: unresolved external symbol "__declspec(dllimport) public: int __cdecl fipImage::convertTo24Bits(void)" (__imp_?convertTo24Bits@fipImage@@QEAAHXZ) referenced in function "void __cdecl dataset_decomposition(void)" (?dataset_decomposition@@YAXXZ)
Sequential.obj : error LNK2001: unresolved external symbol "__declspec(dllimport) public: int __cdecl fipImage::convertTo24Bits(void)" (__imp_?convertTo24Bits@fipImage@@QEAAHXZ)
Sequential.obj : error LNK2019: unresolved external symbol __imp_FreeImage_SetPixelColor referenced in function "void __cdecl Sequential(void)" (?Sequential@@YAXXZ)
Sequential.obj : error LNK2019: unresolved external symbol "__declspec(dllimport) public: __cdecl fipImage::operator struct FIBITMAP *(void)" (__imp_??BfipImage@@QEAAPEAUFIBITMAP@@XZ) referenced in function "void __cdecl Sequential(void)" (?Sequential@@YAXXZ)
E:\Julia Set\Libaries\ThreadingBuildingBlocks\lib\ia32\vc14\tbb.lib : warning LNK4272: library machine type 'x86' conflicts with target machine type 'x64'
E:\Julia Set\Libaries\FreeImage\Dist\x32\FreeImage.lib : warning LNK4272: library machine type 'x86' conflicts with target machine type 'x64'
E:\Julia Set\Libaries\FreeImage\Wrapper\FreeImagePlus\dist\x32\FreeImagePlus.lib : warning LNK4272: library machine type 'x86' conflicts with target machine type 'x64'
E:\Julia Set\Libaries\ThreadingBuildingBlocks\lib\ia32\vc14\tbb_debug.lib : warning LNK4272: library machine type 'x86' conflicts with target machine type 'x64'
E:\Julia Set\Julia Set\x64\Debug\Julia Set.exe : fatal error LNK1120: 21 unresolved externals
